<?xml version="1.0" encoding="UTF-8"?>
<testng-results ignored="0" total="1" passed="1" failed="0" skipped="0">
  <reporter-output>
  </reporter-output>
  <suite started-at="2023-10-04T12:12:01 PKT" name="Default suite" finished-at="2023-10-04T12:12:23 PKT" duration-ms="21962">
    <groups>
    </groups>
    <test started-at="2023-10-04T12:12:01 PKT" name="Default test" finished-at="2023-10-04T12:12:23 PKT" duration-ms="21962">
      <class name="hccpkg.alrthandling">
        <test-method signature="f()[pri:0, instance:hccpkg.alrthandling@3b0090a4]" started-at="2023-10-04T12:12:02 PKT" name="f" finished-at="2023-10-04T12:12:23 PKT" duration-ms="21566" status="PASS">
          <reporter-output>
          </reporter-output>
        </test-method> <!-- f -->
      </class> <!-- hccpkg.alrthandling -->
    </test> <!-- Default test -->
  </suite> <!-- Default suite -->
</testng-results>
